[32mloading module: Markdown parser[0m
[32mcompiling assets...[0m
[34mcopying theme resources[0m
[34mcopying resources[0m
[34mcompiling pages[0m
	--> [36m/blog/pages-output/about/[0m
[34mcompiling posts[0m
	--> [36m/blog/posts-output/2016-03-23-diet-app-1/[0m
[34mcompiling tags[0m
	--> [36m/blog/tags-output/typescript/[0m
	--> [36m/blog/tags-output/angular2/[0m
	--> [36m/blog/tags-output/express/[0m
	--> [36m/blog/tags-output/node/[0m
[34mcompiling tags page[0m
[34mcompiling index[0m
[34mcompiling archives[0m
[34mgenerating authors views[0m
[34mcompiling authors[0m
	--> [36m/blog/authors-output/Ethan Kent/[0m
[34mgenerating site map[0m
[34mgenerating main rss[0m
[34mgenerating filtered rss[0m
	--> [36m/blog/cryogen.xml[0m
[34mcompiling sass[0m
"Elapsed time: 518.48605 msecs"
2016-03-24 02:26:05.719:INFO:oejs.Server:jetty-7.6.13.v20130916
2016-03-24 02:26:05.747:INFO:oejs.AbstractConnector:Started SelectChannelConnector@0.0.0.0:8080
Started server on port 8080
[32mcompiling assets...[0m
[34mcopying theme resources[0m
[34mcopying resources[0m
[34mcompiling pages[0m
	--> [36m/blog/pages-output/about/[0m
[34mcompiling posts[0m
	--> [36m/blog/posts-output/2016-03-24-prisoner-1/[0m
	--> [36m/blog/posts-output/2016-03-23-diet-app-1/[0m
[34mcompiling tags[0m
	--> [36m/blog/tags-output/Rich Hickey/[0m
	--> [36m/blog/tags-output/typescript/[0m
	--> [36m/blog/tags-output/reagent/[0m
	--> [36m/blog/tags-output/angular2/[0m
	--> [36m/blog/tags-output/prisoner’s dilemma/[0m
	--> [36m/blog/tags-output/phantomjs/[0m
	--> [36m/blog/tags-output/tdd/[0m
	--> [36m/blog/tags-output/express/[0m
	--> [36m/blog/tags-output/clojurescript/[0m
	--> [36m/blog/tags-output/node/[0m
[34mcompiling tags page[0m
[34mcompiling index[0m
[34mcompiling archives[0m
[34mgenerating authors views[0m
[34mcompiling authors[0m
	--> [36m/blog/authors-output/Ethan Kent/[0m
[34mgenerating site map[0m
[34mgenerating main rss[0m
[34mgenerating filtered rss[0m
	--> [36m/blog/cryogen.xml[0m
[34mcompiling sass[0m
"Elapsed time: 437.318379 msecs"
[32mloading module: Markdown parser[0m
[32mcompiling assets...[0m
[34mcopying theme resources[0m
[34mcopying resources[0m
[34mcompiling pages[0m
	--> [36m/blog/pages-output/about/[0m
[34mcompiling posts[0m
	--> [36m/blog/posts-output/2016-03-24-prisoner-1/[0m
	--> [36m/blog/posts-output/2016-03-23-diet-app-1/[0m
[34mcompiling tags[0m
	--> [36m/blog/tags-output/Rich Hickey/[0m
	--> [36m/blog/tags-output/typescript/[0m
	--> [36m/blog/tags-output/reagent/[0m
	--> [36m/blog/tags-output/angular2/[0m
	--> [36m/blog/tags-output/prisoner’s dilemma/[0m
	--> [36m/blog/tags-output/phantomjs/[0m
	--> [36m/blog/tags-output/tdd/[0m
	--> [36m/blog/tags-output/express/[0m
	--> [36m/blog/tags-output/clojurescript/[0m
	--> [36m/blog/tags-output/node/[0m
[34mcompiling tags page[0m
[34mcompiling index[0m
[34mcompiling archives[0m
[34mgenerating authors views[0m
[34mcompiling authors[0m
	--> [36m/blog/authors-output/Ethan Kent/[0m
[34mgenerating site map[0m
[34mgenerating main rss[0m
[34mgenerating filtered rss[0m
	--> [36m/blog/cryogen.xml[0m
[34mcompiling sass[0m
"Elapsed time: 746.176329 msecs"
2016-03-24 05:28:12.894:INFO:oejs.Server:jetty-7.6.13.v20130916
2016-03-24 05:28:12.923:INFO:oejs.AbstractConnector:Started SelectChannelConnector@0.0.0.0:3000
Started server on port 3000
[32mloading module: Markdown parser[0m
[32mcompiling assets...[0m
[34mcopying theme resources[0m
[34mcopying resources[0m
[34mcompiling pages[0m
	--> [36m/blog/pages-output/about/[0m
[34mcompiling posts[0m
	--> [36m/blog/posts-output/2016-03-24-prisoner-1/[0m
	--> [36m/blog/posts-output/2016-03-23-diet-app-1/[0m
[34mcompiling tags[0m
	--> [36m/blog/tags-output/Rich Hickey/[0m
	--> [36m/blog/tags-output/typescript/[0m
	--> [36m/blog/tags-output/reagent/[0m
	--> [36m/blog/tags-output/angular2/[0m
	--> [36m/blog/tags-output/prisoner’s dilemma/[0m
	--> [36m/blog/tags-output/phantomjs/[0m
	--> [36m/blog/tags-output/tdd/[0m
	--> [36m/blog/tags-output/express/[0m
	--> [36m/blog/tags-output/clojurescript/[0m
	--> [36m/blog/tags-output/node/[0m
[34mcompiling tags page[0m
[34mcompiling index[0m
[34mcompiling archives[0m
[34mgenerating authors views[0m
[34mcompiling authors[0m
	--> [36m/blog/authors-output/Ethan Kent/[0m
[34mgenerating site map[0m
[34mgenerating main rss[0m
[34mgenerating filtered rss[0m
	--> [36m/blog/cryogen.xml[0m
[34mcompiling sass[0m
"Elapsed time: 770.016963 msecs"
2016-03-24 05:29:01.096:INFO:oejs.Server:jetty-7.6.13.v20130916
2016-03-24 05:29:01.123:INFO:oejs.AbstractConnector:Started SelectChannelConnector@0.0.0.0:8080
Started server on port 8080
[32mcompiling assets...[0m
[34mcopying theme resources[0m
[34mcopying resources[0m
[34mcompiling pages[0m
	--> [36m/blog/pages-output/about/[0m
[34mcompiling posts[0m
	--> [36m/blog/posts-output/2016-03-24-prisoner-2/[0m
	--> [36m/blog/posts-output/2016-03-23-diet-app-1/[0m
	--> [36m/blog/posts-output/2016-03-23-prisoner-1/[0m
[34mcompiling tags[0m
	--> [36m/blog/tags-output/Rich Hickey/[0m
	--> [36m/blog/tags-output/typescript/[0m
	--> [36m/blog/tags-output/reagent/[0m
	--> [36m/blog/tags-output/angular2/[0m
	--> [36m/blog/tags-output/prisoner’s dilemma/[0m
	--> [36m/blog/tags-output/clojurescript tdd map reduce/[0m
	--> [36m/blog/tags-output/phantomjs/[0m
	--> [36m/blog/tags-output/tdd/[0m
	--> [36m/blog/tags-output/express/[0m
	--> [36m/blog/tags-output/clojurescript/[0m
	--> [36m/blog/tags-output/node/[0m
[34mcompiling tags page[0m
[34mcompiling index[0m
[34mcompiling archives[0m
[34mgenerating authors views[0m
[34mcompiling authors[0m
	--> [36m/blog/authors-output/Ethan Kent/[0m
[34mgenerating site map[0m
[34mgenerating main rss[0m
[34mgenerating filtered rss[0m
	--> [36m/blog/cryogen.xml[0m
[34mcompiling sass[0m
"Elapsed time: 544.736269 msecs"
[32mloading module: Markdown parser[0m
[32mcompiling assets...[0m
[34mcopying theme resources[0m
[34mcopying resources[0m
[34mcompiling pages[0m
	--> [36m/blog/pages-output/about/[0m
[34mcompiling posts[0m
	--> [36m/blog/posts-output/2016-03-24-prisoner-2/[0m
	--> [36m/blog/posts-output/2016-03-23-diet-app-1/[0m
	--> [36m/blog/posts-output/2016-03-23-prisoner-1/[0m
[34mcompiling tags[0m
	--> [36m/blog/tags-output/Rich Hickey/[0m
	--> [36m/blog/tags-output/typescript/[0m
	--> [36m/blog/tags-output/reagent/[0m
	--> [36m/blog/tags-output/angular2/[0m
	--> [36m/blog/tags-output/prisoner’s dilemma/[0m
	--> [36m/blog/tags-output/clojurescript tdd map reduce/[0m
	--> [36m/blog/tags-output/phantomjs/[0m
	--> [36m/blog/tags-output/tdd/[0m
	--> [36m/blog/tags-output/express/[0m
	--> [36m/blog/tags-output/clojurescript/[0m
	--> [36m/blog/tags-output/node/[0m
[34mcompiling tags page[0m
[34mcompiling index[0m
[34mcompiling archives[0m
[34mgenerating authors views[0m
[34mcompiling authors[0m
	--> [36m/blog/authors-output/Ethan Kent/[0m
[34mgenerating site map[0m
[34mgenerating main rss[0m
[34mgenerating filtered rss[0m
	--> [36m/blog/cryogen.xml[0m
[34mcompiling sass[0m
"Elapsed time: 935.427166 msecs"
2016-03-24 20:33:41.295:INFO:oejs.Server:jetty-7.6.13.v20130916
2016-03-24 20:33:41.322:INFO:oejs.AbstractConnector:Started SelectChannelConnector@0.0.0.0:8080
Started server on port 8080
[32mcompiling assets...[0m
[34mcopying theme resources[0m
[34mcopying resources[0m
[34mcompiling pages[0m
	--> [36m/blog/pages-output/about/[0m
[34mcompiling posts[0m
	--> [36m/blog/posts-output/2016-03-24-prisoner-2/[0m
	--> [36m/blog/posts-output/2016-03-23-diet-app-1/[0m
	--> [36m/blog/posts-output/2016-03-23-prisoner-1/[0m
[34mcompiling tags[0m
	--> [36m/blog/tags-output/Rich Hickey/[0m
	--> [36m/blog/tags-output/typescript/[0m
	--> [36m/blog/tags-output/reagent/[0m
	--> [36m/blog/tags-output/angular2/[0m
	--> [36m/blog/tags-output/prisoner’s dilemma/[0m
	--> [36m/blog/tags-output/clojurescript tdd map reduce/[0m
	--> [36m/blog/tags-output/phantomjs/[0m
	--> [36m/blog/tags-output/tdd/[0m
	--> [36m/blog/tags-output/express/[0m
	--> [36m/blog/tags-output/clojurescript/[0m
	--> [36m/blog/tags-output/node/[0m
[34mcompiling tags page[0m
[34mcompiling index[0m
[34mcompiling archives[0m
[34mgenerating authors views[0m
[34mcompiling authors[0m
	--> [36m/blog/authors-output/Ethan Kent/[0m
[34mgenerating site map[0m
[34mgenerating main rss[0m
[34mgenerating filtered rss[0m
	--> [36m/blog/cryogen.xml[0m
[34mcompiling sass[0m
"Elapsed time: 534.221737 msecs"
[32mloading module: Markdown parser[0m
[32mcompiling assets...[0m
[34mcopying theme resources[0m
[34mcopying resources[0m
[34mcompiling pages[0m
	--> [36m/blog/pages-output/about/[0m
[34mcompiling posts[0m
	--> [36m/blog/posts-output/2016-03-24-prisoner-2/[0m
	--> [36m/blog/posts-output/2016-03-23-diet-app-1/[0m
	--> [36m/blog/posts-output/2016-03-23-prisoner-1/[0m
[34mcompiling tags[0m
	--> [36m/blog/tags-output/Rich Hickey/[0m
	--> [36m/blog/tags-output/typescript/[0m
	--> [36m/blog/tags-output/reagent/[0m
	--> [36m/blog/tags-output/angular2/[0m
	--> [36m/blog/tags-output/prisoner’s dilemma/[0m
	--> [36m/blog/tags-output/clojurescript tdd map reduce/[0m
	--> [36m/blog/tags-output/phantomjs/[0m
	--> [36m/blog/tags-output/tdd/[0m
	--> [36m/blog/tags-output/express/[0m
	--> [36m/blog/tags-output/clojurescript/[0m
	--> [36m/blog/tags-output/node/[0m
[34mcompiling tags page[0m
[34mcompiling index[0m
[34mcompiling archives[0m
[34mgenerating authors views[0m
[34mcompiling authors[0m
	--> [36m/blog/authors-output/Ethan Kent/[0m
[34mgenerating site map[0m
[34mgenerating main rss[0m
[34mgenerating filtered rss[0m
	--> [36m/blog/cryogen.xml[0m
[34mcompiling sass[0m
"Elapsed time: 948.63451 msecs"
2016-03-24 21:39:13.001:INFO:oejs.Server:jetty-7.6.13.v20130916
2016-03-24 21:39:13.028:INFO:oejs.AbstractConnector:Started SelectChannelConnector@0.0.0.0:8080
Started server on port 8080
[32mcompiling assets...[0m
[34mcopying theme resources[0m
[34mcopying resources[0m
[34mcompiling pages[0m
	--> [36m/blog/pages-output/about/[0m
[34mcompiling posts[0m
	--> [36m/blog/posts-output/2016-03-24-prisoner-2/[0m
	--> [36m/blog/posts-output/2016-03-23-diet-app-1/[0m
	--> [36m/blog/posts-output/2016-03-23-prisoner-1/[0m
[34mcompiling tags[0m
	--> [36m/blog/tags-output/Rich Hickey/[0m
	--> [36m/blog/tags-output/typescript/[0m
	--> [36m/blog/tags-output/reagent/[0m
	--> [36m/blog/tags-output/angular2/[0m
	--> [36m/blog/tags-output/prisoner’s dilemma/[0m
	--> [36m/blog/tags-output/clojurescript tdd map reduce/[0m
	--> [36m/blog/tags-output/phantomjs/[0m
	--> [36m/blog/tags-output/tdd/[0m
	--> [36m/blog/tags-output/express/[0m
	--> [36m/blog/tags-output/clojurescript/[0m
	--> [36m/blog/tags-output/node/[0m
[34mcompiling tags page[0m
[34mcompiling index[0m
[34mcompiling archives[0m
[34mgenerating authors views[0m
[34mcompiling authors[0m
	--> [36m/blog/authors-output/Ethan Kent/[0m
[34mgenerating site map[0m
[34mgenerating main rss[0m
[34mgenerating filtered rss[0m
	--> [36m/blog/cryogen.xml[0m
[34mcompiling sass[0m
"Elapsed time: 528.900801 msecs"
[32mloading module: Markdown parser[0m
[32mcompiling assets...[0m
[34mcopying theme resources[0m
[34mcopying resources[0m
[34mcompiling pages[0m
	--> [36m/blog/pages-output/about/[0m
[34mcompiling posts[0m
	--> [36m/blog/posts-output/2016-03-24-prisoner-2/[0m
	--> [36m/blog/posts-output/2016-03-23-diet-app-1/[0m
	--> [36m/blog/posts-output/2016-03-23-prisoner-1/[0m
[34mcompiling tags[0m
	--> [36m/blog/tags-output/Rich Hickey/[0m
	--> [36m/blog/tags-output/typescript/[0m
	--> [36m/blog/tags-output/reagent/[0m
	--> [36m/blog/tags-output/angular2/[0m
	--> [36m/blog/tags-output/prisoner’s dilemma/[0m
	--> [36m/blog/tags-output/clojurescript tdd map reduce/[0m
	--> [36m/blog/tags-output/phantomjs/[0m
	--> [36m/blog/tags-output/tdd/[0m
	--> [36m/blog/tags-output/express/[0m
	--> [36m/blog/tags-output/clojurescript/[0m
	--> [36m/blog/tags-output/node/[0m
[34mcompiling tags page[0m
[34mcompiling index[0m
[34mcompiling archives[0m
[34mgenerating authors views[0m
[34mcompiling authors[0m
	--> [36m/blog/authors-output/Ethan Kent/[0m
[34mgenerating site map[0m
[34mgenerating main rss[0m
[34mgenerating filtered rss[0m
	--> [36m/blog/cryogen.xml[0m
[34mcompiling sass[0m
"Elapsed time: 919.054386 msecs"
2016-03-24 22:14:18.995:INFO:oejs.Server:jetty-7.6.13.v20130916
2016-03-24 22:14:19.025:INFO:oejs.AbstractConnector:Started SelectChannelConnector@0.0.0.0:8080
Started server on port 8080
[32mcompiling assets...[0m
[34mcopying theme resources[0m
[34mcopying resources[0m
[34mcompiling pages[0m
	--> [36m/blog/pages-output/about/[0m
[34mcompiling posts[0m
	--> [36m/blog/posts-output/2016-03-24-prisoner-2/[0m
	--> [36m/blog/posts-output/2016-03-23-diet-app-1/[0m
	--> [36m/blog/posts-output/2016-03-23-prisoner-1/[0m
[34mcompiling tags[0m
	--> [36m/blog/tags-output/Rich Hickey/[0m
	--> [36m/blog/tags-output/typescript/[0m
	--> [36m/blog/tags-output/reagent/[0m
	--> [36m/blog/tags-output/angular2/[0m
	--> [36m/blog/tags-output/prisoner’s dilemma/[0m
	--> [36m/blog/tags-output/clojurescript tdd map reduce/[0m
	--> [36m/blog/tags-output/phantomjs/[0m
	--> [36m/blog/tags-output/tdd/[0m
	--> [36m/blog/tags-output/express/[0m
	--> [36m/blog/tags-output/clojurescript/[0m
	--> [36m/blog/tags-output/node/[0m
[34mcompiling tags page[0m
[34mcompiling index[0m
[34mcompiling archives[0m
[34mgenerating authors views[0m
[34mcompiling authors[0m
	--> [36m/blog/authors-output/Ethan Kent/[0m
[34mgenerating site map[0m
[34mgenerating main rss[0m
[34mgenerating filtered rss[0m
	--> [36m/blog/cryogen.xml[0m
[34mcompiling sass[0m
"Elapsed time: 517.240484 msecs"
[32mloading module: Markdown parser[0m
[32mcompiling assets...[0m
[34mcopying theme resources[0m
[34mcopying resources[0m
[34mcompiling pages[0m
	--> [36m/blog/pages-output/about/[0m
[34mcompiling posts[0m
	--> [36m/blog/posts-output/2016-03-24-prisoner-2/[0m
	--> [36m/blog/posts-output/2016-03-23-diet-app-1/[0m
	--> [36m/blog/posts-output/2016-03-23-prisoner-1/[0m
[34mcompiling tags[0m
	--> [36m/blog/tags-output/Rich Hickey/[0m
	--> [36m/blog/tags-output/typescript/[0m
	--> [36m/blog/tags-output/reagent/[0m
	--> [36m/blog/tags-output/angular2/[0m
	--> [36m/blog/tags-output/prisoner’s dilemma/[0m
	--> [36m/blog/tags-output/clojurescript tdd map reduce/[0m
	--> [36m/blog/tags-output/phantomjs/[0m
	--> [36m/blog/tags-output/tdd/[0m
	--> [36m/blog/tags-output/express/[0m
	--> [36m/blog/tags-output/clojurescript/[0m
	--> [36m/blog/tags-output/node/[0m
[34mcompiling tags page[0m
[34mcompiling index[0m
[34mcompiling archives[0m
[34mgenerating authors views[0m
[34mcompiling authors[0m
	--> [36m/blog/authors-output/Ethan Kent/[0m
[34mgenerating site map[0m
[34mgenerating main rss[0m
[34mgenerating filtered rss[0m
	--> [36m/blog/cryogen.xml[0m
[34mcompiling sass[0m
"Elapsed time: 915.804114 msecs"
2016-03-24 22:16:11.095:INFO:oejs.Server:jetty-7.6.13.v20130916
2016-03-24 22:16:11.127:INFO:oejs.AbstractConnector:Started SelectChannelConnector@0.0.0.0:8080
Started server on port 8080
[32mcompiling assets...[0m
[34mcopying theme resources[0m
[34mcopying resources[0m
[34mcompiling pages[0m
	--> [36m/blog/pages-output/about/[0m
[34mcompiling posts[0m
	--> [36m/blog/posts-output/2016-03-24-prisoner-2/[0m
	--> [36m/blog/posts-output/2016-03-23-diet-app-1/[0m
	--> [36m/blog/posts-output/2016-03-23-prisoner-1/[0m
[34mcompiling tags[0m
	--> [36m/blog/tags-output/Rich Hickey/[0m
	--> [36m/blog/tags-output/typescript/[0m
	--> [36m/blog/tags-output/reagent/[0m
	--> [36m/blog/tags-output/angular2/[0m
	--> [36m/blog/tags-output/prisoner’s dilemma/[0m
	--> [36m/blog/tags-output/clojurescript tdd map reduce/[0m
	--> [36m/blog/tags-output/phantomjs/[0m
	--> [36m/blog/tags-output/tdd/[0m
	--> [36m/blog/tags-output/express/[0m
	--> [36m/blog/tags-output/clojurescript/[0m
	--> [36m/blog/tags-output/node/[0m
[34mcompiling tags page[0m
[34mcompiling index[0m
[34mcompiling archives[0m
[34mgenerating authors views[0m
[34mcompiling authors[0m
	--> [36m/blog/authors-output/Ethan Kent/[0m
[34mgenerating site map[0m
[34mgenerating main rss[0m
[34mgenerating filtered rss[0m
	--> [36m/blog/cryogen.xml[0m
[34mcompiling sass[0m
"Elapsed time: 526.421526 msecs"
[32mloading module: Markdown parser[0m
[32mcompiling assets...[0m
[34mcopying theme resources[0m
[34mcopying resources[0m
[34mcompiling pages[0m
	--> [36m/blog/pages-output/about/[0m
[34mcompiling posts[0m
	--> [36m/blog/posts-output/2016-03-24-prisoner-2/[0m
	--> [36m/blog/posts-output/2016-03-23-diet-app-1/[0m
	--> [36m/blog/posts-output/2016-03-23-prisoner-1/[0m
[34mcompiling tags[0m
	--> [36m/blog/tags-output/Rich Hickey/[0m
	--> [36m/blog/tags-output/typescript/[0m
	--> [36m/blog/tags-output/reagent/[0m
	--> [36m/blog/tags-output/angular2/[0m
	--> [36m/blog/tags-output/prisoner’s dilemma/[0m
	--> [36m/blog/tags-output/clojurescript tdd map reduce/[0m
	--> [36m/blog/tags-output/phantomjs/[0m
	--> [36m/blog/tags-output/tdd/[0m
	--> [36m/blog/tags-output/express/[0m
	--> [36m/blog/tags-output/clojurescript/[0m
	--> [36m/blog/tags-output/node/[0m
[34mcompiling tags page[0m
[34mcompiling index[0m
[34mcompiling archives[0m
[34mgenerating authors views[0m
[34mcompiling authors[0m
	--> [36m/blog/authors-output/Ethan Kent/[0m
[34mgenerating site map[0m
[34mgenerating main rss[0m
[34mgenerating filtered rss[0m
	--> [36m/blog/cryogen.xml[0m
[34mcompiling sass[0m
"Elapsed time: 939.010917 msecs"
2016-03-25 02:36:33.823:INFO:oejs.Server:jetty-7.6.13.v20130916
2016-03-25 02:36:33.850:INFO:oejs.AbstractConnector:Started SelectChannelConnector@0.0.0.0:8080
Started server on port 8080
[32mloading module: Markdown parser[0m
[32mcompiling assets...[0m
[34mcopying theme resources[0m
[34mcopying resources[0m
[34mcompiling pages[0m
	--> [36m/blog/pages-output/about/[0m
[34mcompiling posts[0m
	--> [36m/blog/posts-output/2016-03-24-prisoner-2/[0m
	--> [36m/blog/posts-output/2016-03-23-diet-app-1/[0m
	--> [36m/blog/posts-output/2016-03-23-prisoner-1/[0m
[34mcompiling tags[0m
	--> [36m/blog/tags-output/Rich Hickey/[0m
	--> [36m/blog/tags-output/typescript/[0m
	--> [36m/blog/tags-output/reagent/[0m
	--> [36m/blog/tags-output/angular2/[0m
	--> [36m/blog/tags-output/prisoner’s dilemma/[0m
	--> [36m/blog/tags-output/clojurescript tdd map reduce/[0m
	--> [36m/blog/tags-output/phantomjs/[0m
	--> [36m/blog/tags-output/tdd/[0m
	--> [36m/blog/tags-output/express/[0m
	--> [36m/blog/tags-output/clojurescript/[0m
	--> [36m/blog/tags-output/node/[0m
[34mcompiling tags page[0m
[34mcompiling index[0m
[34mcompiling archives[0m
[34mgenerating authors views[0m
[34mcompiling authors[0m
	--> [36m/blog/authors-output/Ethan Kent/[0m
[34mgenerating site map[0m
[34mgenerating main rss[0m
[34mgenerating filtered rss[0m
	--> [36m/blog/cryogen.xml[0m
[34mcompiling sass[0m
"Elapsed time: 952.826585 msecs"
2016-03-26 02:14:28.899:INFO:oejs.Server:jetty-7.6.13.v20130916
2016-03-26 02:14:28.941:INFO:oejs.AbstractConnector:Started SelectChannelConnector@0.0.0.0:8080
Started server on port 8080
[32mcompiling assets...[0m
[34mcopying theme resources[0m
[34mcopying resources[0m
[34mcompiling pages[0m
	--> [36m/blog/pages-output/about/[0m
[34mcompiling posts[0m
	--> [36m/blog/posts-output/2016-03-27-prisoner-3/[0m
	--> [36m/blog/posts-output/2016-03-24-prisoner-2/[0m
	--> [36m/blog/posts-output/2016-03-23-diet-app-1/[0m
	--> [36m/blog/posts-output/2016-03-23-prisoner-1/[0m
[34mcompiling tags[0m
	--> [36m/blog/tags-output/doall/[0m
	--> [36m/blog/tags-output/Rich Hickey/[0m
	--> [36m/blog/tags-output/validation/[0m
	--> [36m/blog/tags-output/typescript/[0m
	--> [36m/blog/tags-output/reagent/[0m
	--> [36m/blog/tags-output/angular2/[0m
	--> [36m/blog/tags-output/prisoner’s dilemma/[0m
	--> [36m/blog/tags-output/nginx/[0m
	--> [36m/blog/tags-output/clojurescript tdd map reduce/[0m
	--> [36m/blog/tags-output/phantomjs/[0m
	--> [36m/blog/tags-output/tdd/[0m
	--> [36m/blog/tags-output/lazy/[0m
	--> [36m/blog/tags-output/express/[0m
	--> [36m/blog/tags-output/clojurescript/[0m
	--> [36m/blog/tags-output/node/[0m
[34mcompiling tags page[0m
[34mcompiling index[0m
[34mcompiling archives[0m
[34mgenerating authors views[0m
[34mcompiling authors[0m
	--> [36m/blog/authors-output/Ethan Kent/[0m
[34mgenerating site map[0m
[34mgenerating main rss[0m
[34mgenerating filtered rss[0m
	--> [36m/blog/cryogen.xml[0m
[34mcompiling sass[0m
"Elapsed time: 670.688198 msecs"
[32mloading module: Markdown parser[0m
[32mcompiling assets...[0m
[34mcopying theme resources[0m
[34mcopying resources[0m
[34mcompiling pages[0m
	--> [36m/blog/pages-output/about/[0m
[34mcompiling posts[0m
	--> [36m/blog/posts-output/2016-03-27-prisoner-3/[0m
	--> [36m/blog/posts-output/2016-03-24-prisoner-2/[0m
	--> [36m/blog/posts-output/2016-03-23-diet-app-1/[0m
	--> [36m/blog/posts-output/2016-03-23-prisoner-1/[0m
[34mcompiling tags[0m
	--> [36m/blog/tags-output/doall/[0m
	--> [36m/blog/tags-output/Rich Hickey/[0m
	--> [36m/blog/tags-output/validation/[0m
	--> [36m/blog/tags-output/typescript/[0m
	--> [36m/blog/tags-output/reagent/[0m
	--> [36m/blog/tags-output/angular2/[0m
	--> [36m/blog/tags-output/prisoner’s dilemma/[0m
	--> [36m/blog/tags-output/nginx/[0m
	--> [36m/blog/tags-output/clojurescript tdd map reduce/[0m
	--> [36m/blog/tags-output/phantomjs/[0m
	--> [36m/blog/tags-output/tdd/[0m
	--> [36m/blog/tags-output/lazy/[0m
	--> [36m/blog/tags-output/express/[0m
	--> [36m/blog/tags-output/clojurescript/[0m
	--> [36m/blog/tags-output/node/[0m
[34mcompiling tags page[0m
[34mcompiling index[0m
[34mcompiling archives[0m
[34mgenerating authors views[0m
[34mcompiling authors[0m
	--> [36m/blog/authors-output/Ethan Kent/[0m
[34mgenerating site map[0m
[34mgenerating main rss[0m
[34mgenerating filtered rss[0m
	--> [36m/blog/cryogen.xml[0m
[34mcompiling sass[0m
"Elapsed time: 1075.037407 msecs"
2016-03-28 02:14:56.120:INFO:oejs.Server:jetty-7.6.13.v20130916
2016-03-28 02:14:56.148:INFO:oejs.AbstractConnector:Started SelectChannelConnector@0.0.0.0:8080
Started server on port 8080
[32mcompiling assets...[0m
[34mcopying theme resources[0m
[34mcopying resources[0m
[34mcompiling pages[0m
	--> [36m/blog/pages-output/about/[0m
[34mcompiling posts[0m
	--> [36m/blog/posts-output/2016-03-27-prisoner-3/[0m
	--> [36m/blog/posts-output/2016-03-24-prisoner-2/[0m
	--> [36m/blog/posts-output/2016-03-23-diet-app-1/[0m
	--> [36m/blog/posts-output/2016-03-23-prisoner-1/[0m
[34mcompiling tags[0m
	--> [36m/blog/tags-output/map/[0m
	--> [36m/blog/tags-output/doall/[0m
	--> [36m/blog/tags-output/Rich Hickey/[0m
	--> [36m/blog/tags-output/validation/[0m
	--> [36m/blog/tags-output/typescript/[0m
	--> [36m/blog/tags-output/reagent/[0m
	--> [36m/blog/tags-output/angular2/[0m
	--> [36m/blog/tags-output/prisoner’s dilemma/[0m
	--> [36m/blog/tags-output/nginx/[0m
	--> [36m/blog/tags-output/phantomjs/[0m
	--> [36m/blog/tags-output/tdd/[0m
	--> [36m/blog/tags-output/lazy/[0m
	--> [36m/blog/tags-output/reduce/[0m
	--> [36m/blog/tags-output/express/[0m
	--> [36m/blog/tags-output/diet tracker/[0m
	--> [36m/blog/tags-output/clojurescript/[0m
	--> [36m/blog/tags-output/node/[0m
[34mcompiling tags page[0m
[34mcompiling archives[0m
[34mgenerating authors views[0m
[34mcompiling authors[0m
	--> [36m/blog/authors-output/Ethan Kent/[0m
[34mgenerating site map[0m
[34mgenerating main rss[0m
[34mgenerating filtered rss[0m
	--> [36m/blog/cryogen.xml[0m
[34mcompiling sass[0m
"Elapsed time: 1016.587078 msecs"
[32mcompiling assets...[0m
[34mcopying theme resources[0m
[34mcopying resources[0m
[34mcompiling pages[0m
	--> [36m/blog/pages-output/about/[0m
[34mcompiling posts[0m
	--> [36m/blog/posts-output/2016-03-27-prisoner-3/[0m
	--> [36m/blog/posts-output/2016-03-24-prisoner-2/[0m
	--> [36m/blog/posts-output/2016-03-23-diet-app-1/[0m
	--> [36m/blog/posts-output/2016-03-23-prisoner-1/[0m
[34mcompiling tags[0m
	--> [36m/blog/tags-output/map/[0m
	--> [36m/blog/tags-output/doall/[0m
	--> [36m/blog/tags-output/Rich Hickey/[0m
	--> [36m/blog/tags-output/validation/[0m
	--> [36m/blog/tags-output/typescript/[0m
	--> [36m/blog/tags-output/reagent/[0m
	--> [36m/blog/tags-output/angular2/[0m
	--> [36m/blog/tags-output/prisoner’s dilemma/[0m
	--> [36m/blog/tags-output/nginx/[0m
	--> [36m/blog/tags-output/phantomjs/[0m
	--> [36m/blog/tags-output/tdd/[0m
	--> [36m/blog/tags-output/lazy/[0m
	--> [36m/blog/tags-output/reduce/[0m
	--> [36m/blog/tags-output/express/[0m
	--> [36m/blog/tags-output/diet tracker/[0m
	--> [36m/blog/tags-output/clojurescript/[0m
	--> [36m/blog/tags-output/node/[0m
[34mcompiling tags page[0m
[34mcompiling archives[0m
[34mgenerating authors views[0m
[34mcompiling authors[0m
	--> [36m/blog/authors-output/Ethan Kent/[0m
[34mgenerating site map[0m
[34mgenerating main rss[0m
[34mgenerating filtered rss[0m
	--> [36m/blog/cryogen.xml[0m
[34mcompiling sass[0m
"Elapsed time: 677.992569 msecs"
[32mloading module: Markdown parser[0m
[32mcompiling assets...[0m
[34mcopying theme resources[0m
[34mcopying resources[0m
[34mcompiling pages[0m
	--> [36m/blog/pages-output/about/[0m
[34mcompiling posts[0m
	--> [36m/blog/posts-output/2016-03-27-prisoner-3/[0m
	--> [36m/blog/posts-output/2016-03-24-prisoner-2/[0m
	--> [36m/blog/posts-output/2016-03-23-diet-app-1/[0m
	--> [36m/blog/posts-output/2016-03-23-prisoner-1/[0m
[34mcompiling tags[0m
	--> [36m/blog/tags-output/map/[0m
	--> [36m/blog/tags-output/doall/[0m
	--> [36m/blog/tags-output/Rich Hickey/[0m
	--> [36m/blog/tags-output/validation/[0m
	--> [36m/blog/tags-output/typescript/[0m
	--> [36m/blog/tags-output/reagent/[0m
	--> [36m/blog/tags-output/angular2/[0m
	--> [36m/blog/tags-output/prisoner’s dilemma/[0m
	--> [36m/blog/tags-output/nginx/[0m
	--> [36m/blog/tags-output/phantomjs/[0m
	--> [36m/blog/tags-output/tdd/[0m
	--> [36m/blog/tags-output/lazy/[0m
	--> [36m/blog/tags-output/reduce/[0m
	--> [36m/blog/tags-output/express/[0m
	--> [36m/blog/tags-output/diet tracker/[0m
	--> [36m/blog/tags-output/clojurescript/[0m
	--> [36m/blog/tags-output/node/[0m
[34mcompiling tags page[0m
[34mcompiling archives[0m
[34mgenerating authors views[0m
[34mcompiling authors[0m
	--> [36m/blog/authors-output/Ethan Kent/[0m
[34mgenerating site map[0m
[34mgenerating main rss[0m
[34mgenerating filtered rss[0m
	--> [36m/blog/cryogen.xml[0m
[34mcompiling sass[0m
"Elapsed time: 1468.335207 msecs"
2016-03-29 00:16:54.164:INFO:oejs.Server:jetty-7.6.13.v20130916
2016-03-29 00:16:54.192:INFO:oejs.AbstractConnector:Started SelectChannelConnector@0.0.0.0:8080
Started server on port 8080
[32mcompiling assets...[0m
[34mcopying theme resources[0m
[34mcopying resources[0m
[34mcompiling pages[0m
	--> [36m/blog/pages-output/about/[0m
[34mcompiling posts[0m
	--> [36m/blog/posts-output/2016-03-27-prisoner-3/[0m
	--> [36m/blog/posts-output/2016-03-24-prisoner-2/[0m
	--> [36m/blog/posts-output/2016-03-23-diet-app-1/[0m
	--> [36m/blog/posts-output/2016-03-23-prisoner-1/[0m
[34mcompiling tags[0m
	--> [36m/blog/tags-output/map/[0m
	--> [36m/blog/tags-output/doall/[0m
	--> [36m/blog/tags-output/Rich Hickey/[0m
	--> [36m/blog/tags-output/validation/[0m
	--> [36m/blog/tags-output/typescript/[0m
	--> [36m/blog/tags-output/reagent/[0m
	--> [36m/blog/tags-output/angular2/[0m
	--> [36m/blog/tags-output/prisoner’s dilemma/[0m
	--> [36m/blog/tags-output/nginx/[0m
	--> [36m/blog/tags-output/phantomjs/[0m
	--> [36m/blog/tags-output/tdd/[0m
	--> [36m/blog/tags-output/lazy/[0m
	--> [36m/blog/tags-output/reduce/[0m
	--> [36m/blog/tags-output/express/[0m
	--> [36m/blog/tags-output/diet tracker/[0m
	--> [36m/blog/tags-output/clojurescript/[0m
	--> [36m/blog/tags-output/node/[0m
[34mcompiling tags page[0m
[34mcompiling archives[0m
[34mgenerating authors views[0m
[34mcompiling authors[0m
	--> [36m/blog/authors-output/Ethan Kent/[0m
[34mgenerating site map[0m
[34mgenerating main rss[0m
[34mgenerating filtered rss[0m
	--> [36m/blog/cryogen.xml[0m
[34mcompiling sass[0m
"Elapsed time: 783.206039 msecs"
[32mloading module: Markdown parser[0m
[32mcompiling assets...[0m
[34mcopying theme resources[0m
[34mcopying resources[0m
[34mcompiling pages[0m
	--> [36m/blog/pages-output/about/[0m
[34mcompiling posts[0m
	--> [36m/blog/posts-output/2016-03-27-prisoner-3/[0m
	--> [36m/blog/posts-output/2016-03-24-prisoner-2/[0m
	--> [36m/blog/posts-output/2016-03-23-diet-app-1/[0m
	--> [36m/blog/posts-output/2016-03-23-prisoner-1/[0m
[34mcompiling tags[0m
	--> [36m/blog/tags-output/map/[0m
	--> [36m/blog/tags-output/doall/[0m
	--> [36m/blog/tags-output/Rich Hickey/[0m
	--> [36m/blog/tags-output/validation/[0m
	--> [36m/blog/tags-output/typescript/[0m
	--> [36m/blog/tags-output/reagent/[0m
	--> [36m/blog/tags-output/angular2/[0m
	--> [36m/blog/tags-output/prisoner’s dilemma/[0m
	--> [36m/blog/tags-output/nginx/[0m
	--> [36m/blog/tags-output/phantomjs/[0m
	--> [36m/blog/tags-output/tdd/[0m
	--> [36m/blog/tags-output/lazy/[0m
	--> [36m/blog/tags-output/reduce/[0m
	--> [36m/blog/tags-output/express/[0m
	--> [36m/blog/tags-output/diet tracker/[0m
	--> [36m/blog/tags-output/clojurescript/[0m
	--> [36m/blog/tags-output/node/[0m
[34mcompiling tags page[0m
[34mcompiling archives[0m
[34mgenerating authors views[0m
[34mcompiling authors[0m
	--> [36m/blog/authors-output/Ethan Kent/[0m
[34mgenerating site map[0m
[34mgenerating main rss[0m
[34mgenerating filtered rss[0m
	--> [36m/blog/cryogen.xml[0m
[34mcompiling sass[0m
"Elapsed time: 1509.486914 msecs"
2016-03-29 00:33:42.012:INFO:oejs.Server:jetty-7.6.13.v20130916
2016-03-29 00:33:42.044:INFO:oejs.AbstractConnector:Started SelectChannelConnector@0.0.0.0:8080
Started server on port 8080
[32mcompiling assets...[0m
[34mcopying theme resources[0m
[34mcopying resources[0m
[34mcompiling pages[0m
	--> [36m/blog/pages-output/about/[0m
[34mcompiling posts[0m
	--> [36m/blog/posts-output/2016-04-05-diet-app-2/[0m
	--> [36m/blog/posts-output/2016-03-27-prisoner-3/[0m
	--> [36m/blog/posts-output/2016-03-24-prisoner-2/[0m
	--> [36m/blog/posts-output/2016-03-23-diet-app-1/[0m
	--> [36m/blog/posts-output/2016-03-23-prisoner-1/[0m
[34mcompiling tags[0m
	--> [36m/blog/tags-output/map/[0m
	--> [36m/blog/tags-output/canactivate/[0m
	--> [36m/blog/tags-output/doall/[0m
	--> [36m/blog/tags-output/Rich Hickey/[0m
	--> [36m/blog/tags-output/dependency injection/[0m
	--> [36m/blog/tags-output/validation/[0m
	--> [36m/blog/tags-output/typescript/[0m
	--> [36m/blog/tags-output/reagent/[0m
	--> [36m/blog/tags-output/angular2/[0m
	--> [36m/blog/tags-output/prisoner’s dilemma/[0m
	--> [36m/blog/tags-output/nginx/[0m
	--> [36m/blog/tags-output/phantomjs/[0m
	--> [36m/blog/tags-output/tdd/[0m
	--> [36m/blog/tags-output/lazy/[0m
	--> [36m/blog/tags-output/reduce/[0m
	--> [36m/blog/tags-output/express/[0m
	--> [36m/blog/tags-output/diet tracker/[0m
	--> [36m/blog/tags-output/clojurescript/[0m
	--> [36m/blog/tags-output/node/[0m
[34mcompiling tags page[0m
[34mcompiling archives[0m
[34mgenerating authors views[0m
[34mcompiling authors[0m
	--> [36m/blog/authors-output/Ethan Kent/[0m
[34mgenerating site map[0m
[34mgenerating main rss[0m
[34mgenerating filtered rss[0m
	--> [36m/blog/cryogen.xml[0m
[34mcompiling sass[0m
"Elapsed time: 831.475075 msecs"
[32mloading module: Markdown parser[0m
[32mcompiling assets...[0m
[34mcopying theme resources[0m
[34mcopying resources[0m
[34mcompiling pages[0m
	--> [36m/blog/pages-output/about/[0m
[34mcompiling posts[0m
	--> [36m/blog/posts-output/2016-04-05-diet-app-2/[0m
	--> [36m/blog/posts-output/2016-03-27-prisoner-3/[0m
	--> [36m/blog/posts-output/2016-03-24-prisoner-2/[0m
	--> [36m/blog/posts-output/2016-03-23-diet-app-1/[0m
	--> [36m/blog/posts-output/2016-03-23-prisoner-1/[0m
[34mcompiling tags[0m
	--> [36m/blog/tags-output/map/[0m
	--> [36m/blog/tags-output/canactivate/[0m
	--> [36m/blog/tags-output/doall/[0m
	--> [36m/blog/tags-output/Rich Hickey/[0m
	--> [36m/blog/tags-output/dependency injection/[0m
	--> [36m/blog/tags-output/validation/[0m
	--> [36m/blog/tags-output/typescript/[0m
	--> [36m/blog/tags-output/reagent/[0m
	--> [36m/blog/tags-output/angular2/[0m
	--> [36m/blog/tags-output/prisoner’s dilemma/[0m
	--> [36m/blog/tags-output/nginx/[0m
	--> [36m/blog/tags-output/phantomjs/[0m
	--> [36m/blog/tags-output/tdd/[0m
	--> [36m/blog/tags-output/lazy/[0m
	--> [36m/blog/tags-output/reduce/[0m
	--> [36m/blog/tags-output/express/[0m
	--> [36m/blog/tags-output/diet tracker/[0m
	--> [36m/blog/tags-output/clojurescript/[0m
	--> [36m/blog/tags-output/node/[0m
[34mcompiling tags page[0m
[34mcompiling archives[0m
[34mgenerating authors views[0m
[34mcompiling authors[0m
	--> [36m/blog/authors-output/Ethan Kent/[0m
[34mgenerating site map[0m
[34mgenerating main rss[0m
[34mgenerating filtered rss[0m
	--> [36m/blog/cryogen.xml[0m
[34mcompiling sass[0m
"Elapsed time: 1625.903153 msecs"
2016-04-06 04:54:23.697:INFO:oejs.Server:jetty-7.6.13.v20130916
2016-04-06 04:54:23.801:INFO:oejs.AbstractConnector:Started SelectChannelConnector@0.0.0.0:8080
Started server on port 8080
[32mcompiling assets...[0m
[34mcopying theme resources[0m
[34mcopying resources[0m
[34mcompiling pages[0m
	--> [36m/blog/pages-output/about/[0m
[34mcompiling posts[0m
	--> [36m/blog/posts-output/2016-04-05-diet-app-2/[0m
	--> [36m/blog/posts-output/2016-03-27-prisoner-3/[0m
	--> [36m/blog/posts-output/2016-03-24-prisoner-2/[0m
	--> [36m/blog/posts-output/2016-03-23-diet-app-1/[0m
	--> [36m/blog/posts-output/2016-03-23-prisoner-1/[0m
[34mcompiling tags[0m
	--> [36m/blog/tags-output/map/[0m
	--> [36m/blog/tags-output/canactivate/[0m
	--> [36m/blog/tags-output/doall/[0m
	--> [36m/blog/tags-output/Rich Hickey/[0m
	--> [36m/blog/tags-output/dependency injection/[0m
	--> [36m/blog/tags-output/validation/[0m
	--> [36m/blog/tags-output/typescript/[0m
	--> [36m/blog/tags-output/reagent/[0m
	--> [36m/blog/tags-output/angular2/[0m
	--> [36m/blog/tags-output/prisoner’s dilemma/[0m
	--> [36m/blog/tags-output/nginx/[0m
	--> [36m/blog/tags-output/phantomjs/[0m
	--> [36m/blog/tags-output/tdd/[0m
	--> [36m/blog/tags-output/lazy/[0m
	--> [36m/blog/tags-output/reduce/[0m
	--> [36m/blog/tags-output/express/[0m
	--> [36m/blog/tags-output/diet tracker/[0m
	--> [36m/blog/tags-output/clojurescript/[0m
	--> [36m/blog/tags-output/node/[0m
[34mcompiling tags page[0m
[34mcompiling archives[0m
[34mgenerating authors views[0m
[34mcompiling authors[0m
	--> [36m/blog/authors-output/Ethan Kent/[0m
[34mgenerating site map[0m
[34mgenerating main rss[0m
[34mgenerating filtered rss[0m
	--> [36m/blog/cryogen.xml[0m
[34mcompiling sass[0m
"Elapsed time: 841.932134 msecs"
[32mloading module: Markdown parser[0m
[32mcompiling assets...[0m
[34mcopying theme resources[0m
[34mcopying resources[0m
[34mcompiling pages[0m
	--> [36m/blog/pages-output/about/[0m
[34mcompiling posts[0m
	--> [36m/blog/posts-output/2016-04-05-diet-app-2/[0m
	--> [36m/blog/posts-output/2016-03-27-prisoner-3/[0m
	--> [36m/blog/posts-output/2016-03-24-prisoner-2/[0m
	--> [36m/blog/posts-output/2016-03-23-diet-app-1/[0m
	--> [36m/blog/posts-output/2016-03-23-prisoner-1/[0m
[34mcompiling tags[0m
	--> [36m/blog/tags-output/map/[0m
	--> [36m/blog/tags-output/canactivate/[0m
	--> [36m/blog/tags-output/doall/[0m
	--> [36m/blog/tags-output/Rich Hickey/[0m
	--> [36m/blog/tags-output/dependency injection/[0m
	--> [36m/blog/tags-output/validation/[0m
	--> [36m/blog/tags-output/typescript/[0m
	--> [36m/blog/tags-output/reagent/[0m
	--> [36m/blog/tags-output/angular2/[0m
	--> [36m/blog/tags-output/prisoner’s dilemma/[0m
	--> [36m/blog/tags-output/nginx/[0m
	--> [36m/blog/tags-output/phantomjs/[0m
	--> [36m/blog/tags-output/tdd/[0m
	--> [36m/blog/tags-output/lazy/[0m
	--> [36m/blog/tags-output/reduce/[0m
	--> [36m/blog/tags-output/express/[0m
	--> [36m/blog/tags-output/diet tracker/[0m
	--> [36m/blog/tags-output/clojurescript/[0m
	--> [36m/blog/tags-output/node/[0m
[34mcompiling tags page[0m
[34mcompiling archives[0m
[34mgenerating authors views[0m
[34mcompiling authors[0m
	--> [36m/blog/authors-output/Ethan Kent/[0m
[34mgenerating site map[0m
[34mgenerating main rss[0m
[34mgenerating filtered rss[0m
	--> [36m/blog/cryogen.xml[0m
[34mcompiling sass[0m
"Elapsed time: 1611.723734 msecs"
2016-04-06 14:45:23.665:INFO:oejs.Server:jetty-7.6.13.v20130916
2016-04-06 14:45:23.702:INFO:oejs.AbstractConnector:Started SelectChannelConnector@0.0.0.0:3000
Started server on port 3000
[32mloading module: Markdown parser[0m
[32mcompiling assets...[0m
[34mcopying theme resources[0m
[34mcopying resources[0m
[34mcompiling pages[0m
	--> [36m/blog/pages-output/about/[0m
[34mcompiling posts[0m
	--> [36m/blog/posts-output/2016-04-05-diet-app-2/[0m
	--> [36m/blog/posts-output/2016-03-27-prisoner-3/[0m
	--> [36m/blog/posts-output/2016-03-24-prisoner-2/[0m
	--> [36m/blog/posts-output/2016-03-23-diet-app-1/[0m
	--> [36m/blog/posts-output/2016-03-23-prisoner-1/[0m
[34mcompiling tags[0m
	--> [36m/blog/tags-output/map/[0m
	--> [36m/blog/tags-output/canactivate/[0m
	--> [36m/blog/tags-output/doall/[0m
	--> [36m/blog/tags-output/Rich Hickey/[0m
	--> [36m/blog/tags-output/dependency injection/[0m
	--> [36m/blog/tags-output/validation/[0m
	--> [36m/blog/tags-output/typescript/[0m
	--> [36m/blog/tags-output/reagent/[0m
	--> [36m/blog/tags-output/angular2/[0m
	--> [36m/blog/tags-output/prisoner’s dilemma/[0m
	--> [36m/blog/tags-output/nginx/[0m
	--> [36m/blog/tags-output/phantomjs/[0m
	--> [36m/blog/tags-output/tdd/[0m
	--> [36m/blog/tags-output/lazy/[0m
	--> [36m/blog/tags-output/reduce/[0m
	--> [36m/blog/tags-output/express/[0m
	--> [36m/blog/tags-output/diet tracker/[0m
	--> [36m/blog/tags-output/clojurescript/[0m
	--> [36m/blog/tags-output/node/[0m
[34mcompiling tags page[0m
[34mcompiling archives[0m
[34mgenerating authors views[0m
[34mcompiling authors[0m
	--> [36m/blog/authors-output/Ethan Kent/[0m
[34mgenerating site map[0m
[34mgenerating main rss[0m
[34mgenerating filtered rss[0m
	--> [36m/blog/cryogen.xml[0m
[34mcompiling sass[0m
"Elapsed time: 1628.140901 msecs"
2016-04-06 14:46:29.690:INFO:oejs.Server:jetty-7.6.13.v20130916
2016-04-06 14:46:29.717:INFO:oejs.AbstractConnector:Started SelectChannelConnector@0.0.0.0:8080
Started server on port 8080
[32mcompiling assets...[0m
[34mcopying theme resources[0m
[34mcopying resources[0m
[34mcompiling pages[0m
	--> [36m/blog/pages-output/about/[0m
[34mcompiling posts[0m
	--> [36m/blog/posts-output/2016-04-05-diet-app-2/[0m
	--> [36m/blog/posts-output/2016-03-27-prisoner-3/[0m
	--> [36m/blog/posts-output/2016-03-24-prisoner-2/[0m
	--> [36m/blog/posts-output/2016-03-23-diet-app-1/[0m
	--> [36m/blog/posts-output/2016-03-23-prisoner-1/[0m
[34mcompiling tags[0m
	--> [36m/blog/tags-output/map/[0m
	--> [36m/blog/tags-output/canactivate/[0m
	--> [36m/blog/tags-output/doall/[0m
	--> [36m/blog/tags-output/Rich Hickey/[0m
	--> [36m/blog/tags-output/dependency injection/[0m
	--> [36m/blog/tags-output/validation/[0m
	--> [36m/blog/tags-output/typescript/[0m
	--> [36m/blog/tags-output/reagent/[0m
	--> [36m/blog/tags-output/angular2/[0m
	--> [36m/blog/tags-output/prisoner’s dilemma/[0m
	--> [36m/blog/tags-output/nginx/[0m
	--> [36m/blog/tags-output/phantomjs/[0m
	--> [36m/blog/tags-output/tdd/[0m
	--> [36m/blog/tags-output/lazy/[0m
	--> [36m/blog/tags-output/reduce/[0m
	--> [36m/blog/tags-output/express/[0m
	--> [36m/blog/tags-output/diet tracker/[0m
	--> [36m/blog/tags-output/clojurescript/[0m
	--> [36m/blog/tags-output/node/[0m
[34mcompiling tags page[0m
[34mcompiling archives[0m
[34mgenerating authors views[0m
[34mcompiling authors[0m
	--> [36m/blog/authors-output/Ethan Kent/[0m
[34mgenerating site map[0m
[34mgenerating main rss[0m
[34mgenerating filtered rss[0m
	--> [36m/blog/cryogen.xml[0m
[34mcompiling sass[0m
"Elapsed time: 836.462088 msecs"
[32mcompiling assets...[0m
[34mcopying theme resources[0m
[34mcopying resources[0m
[34mcompiling pages[0m
	--> [36m/blog/pages-output/about/[0m
[34mcompiling posts[0m
	--> [36m/blog/posts-output/2016-04-05-diet-app-2/[0m
	--> [36m/blog/posts-output/2016-03-27-prisoner-3/[0m
	--> [36m/blog/posts-output/2016-03-24-prisoner-2/[0m
	--> [36m/blog/posts-output/2016-03-23-diet-app-1/[0m
	--> [36m/blog/posts-output/2016-03-23-prisoner-1/[0m
[34mcompiling tags[0m
	--> [36m/blog/tags-output/map/[0m
	--> [36m/blog/tags-output/canactivate/[0m
	--> [36m/blog/tags-output/doall/[0m
	--> [36m/blog/tags-output/Rich Hickey/[0m
	--> [36m/blog/tags-output/dependency injection/[0m
	--> [36m/blog/tags-output/validation/[0m
	--> [36m/blog/tags-output/typescript/[0m
	--> [36m/blog/tags-output/reagent/[0m
	--> [36m/blog/tags-output/angular2/[0m
	--> [36m/blog/tags-output/prisoner’s dilemma/[0m
	--> [36m/blog/tags-output/nginx/[0m
	--> [36m/blog/tags-output/phantomjs/[0m
	--> [36m/blog/tags-output/tdd/[0m
	--> [36m/blog/tags-output/lazy/[0m
	--> [36m/blog/tags-output/reduce/[0m
	--> [36m/blog/tags-output/express/[0m
	--> [36m/blog/tags-output/diet tracker/[0m
	--> [36m/blog/tags-output/clojurescript/[0m
	--> [36m/blog/tags-output/node/[0m
[34mcompiling tags page[0m
[34mcompiling archives[0m
[34mgenerating authors views[0m
[34mcompiling authors[0m
	--> [36m/blog/authors-output/Ethan Kent/[0m
[34mgenerating site map[0m
[34mgenerating main rss[0m
[34mgenerating filtered rss[0m
	--> [36m/blog/cryogen.xml[0m
[34mcompiling sass[0m
"Elapsed time: 754.314497 msecs"
[32mcompiling assets...[0m
[34mcopying theme resources[0m
[34mcopying resources[0m
[34mcompiling pages[0m
	--> [36m/blog/pages-output/about/[0m
[34mcompiling posts[0m
	--> [36m/blog/posts-output/2016-04-05-diet-app-2/[0m
	--> [36m/blog/posts-output/2016-03-27-prisoner-3/[0m
	--> [36m/blog/posts-output/2016-03-24-prisoner-2/[0m
	--> [36m/blog/posts-output/2016-03-23-diet-app-1/[0m
	--> [36m/blog/posts-output/2016-03-23-prisoner-1/[0m
[34mcompiling tags[0m
	--> [36m/blog/tags-output/map/[0m
	--> [36m/blog/tags-output/canactivate/[0m
	--> [36m/blog/tags-output/doall/[0m
	--> [36m/blog/tags-output/Rich Hickey/[0m
	--> [36m/blog/tags-output/dependency injection/[0m
	--> [36m/blog/tags-output/validation/[0m
	--> [36m/blog/tags-output/typescript/[0m
	--> [36m/blog/tags-output/reagent/[0m
	--> [36m/blog/tags-output/angular2/[0m
	--> [36m/blog/tags-output/prisoner’s dilemma/[0m
	--> [36m/blog/tags-output/nginx/[0m
	--> [36m/blog/tags-output/phantomjs/[0m
	--> [36m/blog/tags-output/tdd/[0m
	--> [36m/blog/tags-output/lazy/[0m
	--> [36m/blog/tags-output/reduce/[0m
	--> [36m/blog/tags-output/express/[0m
	--> [36m/blog/tags-output/diet tracker/[0m
	--> [36m/blog/tags-output/clojurescript/[0m
	--> [36m/blog/tags-output/node/[0m
[34mcompiling tags page[0m
[34mcompiling archives[0m
[34mgenerating authors views[0m
[34mcompiling authors[0m
	--> [36m/blog/authors-output/Ethan Kent/[0m
[34mgenerating site map[0m
[34mgenerating main rss[0m
[34mgenerating filtered rss[0m
	--> [36m/blog/cryogen.xml[0m
[34mcompiling sass[0m
"Elapsed time: 733.027546 msecs"
